[2023-10-20T13:48:03.334+0530] {taskinstance.py:1157} INFO - Dependencies all met for dep_context=non-requeueable deps ti=<TaskInstance: word_count_dag.get_spark_df_from_file manual__2023-10-20T08:12:58.430706+00:00 [queued]>
[2023-10-20T13:48:03.338+0530] {taskinstance.py:1157} INFO - Dependencies all met for dep_context=requeueable deps ti=<TaskInstance: word_count_dag.get_spark_df_from_file manual__2023-10-20T08:12:58.430706+00:00 [queued]>
[2023-10-20T13:48:03.338+0530] {taskinstance.py:1359} INFO - Starting attempt 2 of 2
[2023-10-20T13:48:03.347+0530] {taskinstance.py:1380} INFO - Executing <Task(PythonOperator): get_spark_df_from_file> on 2023-10-20 08:12:58.430706+00:00
[2023-10-20T13:48:03.351+0530] {standard_task_runner.py:57} INFO - Started process 27029 to run task
[2023-10-20T13:48:03.353+0530] {standard_task_runner.py:84} INFO - Running: ['airflow', 'tasks', 'run', 'word_count_dag', 'get_spark_df_from_file', 'manual__2023-10-20T08:12:58.430706+00:00', '--job-id', '753', '--raw', '--subdir', 'DAGS_FOLDER/word_count_final.py', '--cfg-path', '/tmp/tmpgvg6a3zz']
[2023-10-20T13:48:03.353+0530] {standard_task_runner.py:85} INFO - Job 753: Subtask get_spark_df_from_file
[2023-10-20T13:48:03.377+0530] {task_command.py:415} INFO - Running <TaskInstance: word_count_dag.get_spark_df_from_file manual__2023-10-20T08:12:58.430706+00:00 [running]> on host harika-Latitude-5511
[2023-10-20T13:48:03.413+0530] {taskinstance.py:1660} INFO - Exporting env vars: AIRFLOW_CTX_DAG_EMAIL='harikasree2225@gmail.com' AIRFLOW_CTX_DAG_OWNER='your_name' AIRFLOW_CTX_DAG_ID='word_count_dag' AIRFLOW_CTX_TASK_ID='get_spark_df_from_file' AIRFLOW_CTX_EXECUTION_DATE='2023-10-20T08:12:58.430706+00:00' AIRFLOW_CTX_TRY_NUMBER='2' AIRFLOW_CTX_DAG_RUN_ID='manual__2023-10-20T08:12:58.430706+00:00'
[2023-10-20T13:48:03.414+0530] {taskinstance.py:1935} ERROR - Task failed with exception
Traceback (most recent call last):
  File "/home/harika/.local/lib/python3.10/site-packages/airflow/operators/python.py", line 192, in execute
    return_value = self.execute_callable()
  File "/home/harika/.local/lib/python3.10/site-packages/airflow/operators/python.py", line 209, in execute_callable
    return self.python_callable(*self.op_args, **self.op_kwargs)
TypeError: get_spark_df_from_file() missing 2 required positional arguments: 'spark' and 'file_location'
[2023-10-20T13:48:03.416+0530] {taskinstance.py:1398} INFO - Marking task as FAILED. dag_id=word_count_dag, task_id=get_spark_df_from_file, execution_date=20231020T081258, start_date=20231020T081803, end_date=20231020T081803
[2023-10-20T13:48:03.430+0530] {logging_mixin.py:151} WARNING - /home/harika/.local/lib/python3.10/site-packages/airflow/utils/email.py:154 RemovedInAirflow3Warning: Fetching SMTP credentials from configuration variables will be deprecated in a future release. Please set credentials using a connection instead.
[2023-10-20T13:48:03.430+0530] {email.py:270} INFO - Email alerting: attempt 1
[2023-10-20T13:48:05.803+0530] {email.py:282} INFO - Sent an alert email to ['harikasree2225@gmail.com']
[2023-10-20T13:48:07.715+0530] {standard_task_runner.py:104} ERROR - Failed to execute job 753 for task get_spark_df_from_file (get_spark_df_from_file() missing 2 required positional arguments: 'spark' and 'file_location'; 27029)
[2023-10-20T13:48:07.743+0530] {local_task_job_runner.py:228} INFO - Task exited with return code 1
[2023-10-20T13:48:07.780+0530] {taskinstance.py:2776} INFO - 0 downstream tasks scheduled from follow-on schedule check
