[2023-10-30T17:34:42.979+0530] {taskinstance.py:1157} INFO - Dependencies all met for dep_context=non-requeueable deps ti=<TaskInstance: xcomEx1.task3 manual__2023-10-30T12:04:36.874889+00:00 [queued]>
[2023-10-30T17:34:42.983+0530] {taskinstance.py:1157} INFO - Dependencies all met for dep_context=requeueable deps ti=<TaskInstance: xcomEx1.task3 manual__2023-10-30T12:04:36.874889+00:00 [queued]>
[2023-10-30T17:34:42.983+0530] {taskinstance.py:1359} INFO - Starting attempt 1 of 2
[2023-10-30T17:34:42.994+0530] {taskinstance.py:1380} INFO - Executing <Task(BashOperator): task3> on 2023-10-30 12:04:36.874889+00:00
[2023-10-30T17:34:42.997+0530] {standard_task_runner.py:57} INFO - Started process 498229 to run task
[2023-10-30T17:34:42.999+0530] {standard_task_runner.py:84} INFO - Running: ['airflow', 'tasks', 'run', 'xcomEx1', 'task3', 'manual__2023-10-30T12:04:36.874889+00:00', '--job-id', '1955', '--raw', '--subdir', 'DAGS_FOLDER/xcom1.py', '--cfg-path', '/tmp/tmpxob7gy84']
[2023-10-30T17:34:43.000+0530] {standard_task_runner.py:85} INFO - Job 1955: Subtask task3
[2023-10-30T17:34:43.022+0530] {task_command.py:415} INFO - Running <TaskInstance: xcomEx1.task3 manual__2023-10-30T12:04:36.874889+00:00 [running]> on host harika-Latitude-5511
[2023-10-30T17:34:43.045+0530] {abstractoperator.py:709} ERROR - Exception rendering Jinja template for task 'task3', field 'bash_command'. Template: 'echo {{ "added in task2:"ti.xcom_pull(task_ids="task2") }}'
Traceback (most recent call last):
  File "/home/harika/.local/lib/python3.10/site-packages/airflow/models/abstractoperator.py", line 701, in _do_render_template_fields
    rendered_content = self.render_template(
  File "/home/harika/.local/lib/python3.10/site-packages/airflow/template/templater.py", line 156, in render_template
    template = jinja_env.from_string(value)
  File "/home/harika/.local/lib/python3.10/site-packages/jinja2/environment.py", line 1105, in from_string
    return cls.from_code(self, self.compile(source), gs, None)
  File "/home/harika/.local/lib/python3.10/site-packages/jinja2/environment.py", line 768, in compile
    self.handle_exception(source=source_hint)
  File "/home/harika/.local/lib/python3.10/site-packages/jinja2/environment.py", line 936, in handle_exception
    raise rewrite_traceback_stack(source=source)
  File "<unknown>", line 1, in template
jinja2.exceptions.TemplateSyntaxError: expected token 'end of print statement', got 'ti'
[2023-10-30T17:34:43.046+0530] {taskinstance.py:1935} ERROR - Task failed with exception
Traceback (most recent call last):
  File "/home/harika/.local/lib/python3.10/site-packages/airflow/models/taskinstance.py", line 1516, in _run_raw_task
    self._execute_task_with_callbacks(context, test_mode, session=session)
  File "/home/harika/.local/lib/python3.10/site-packages/airflow/models/taskinstance.py", line 1645, in _execute_task_with_callbacks
    task_orig = self.render_templates(context=context)
  File "/home/harika/.local/lib/python3.10/site-packages/airflow/models/taskinstance.py", line 2283, in render_templates
    original_task.render_template_fields(context)
  File "/home/harika/.local/lib/python3.10/site-packages/airflow/models/baseoperator.py", line 1245, in render_template_fields
    self._do_render_template_fields(self, self.template_fields, context, jinja_env, set())
  File "/home/harika/.local/lib/python3.10/site-packages/airflow/utils/session.py", line 77, in wrapper
    return func(*args, session=session, **kwargs)
  File "/home/harika/.local/lib/python3.10/site-packages/airflow/models/abstractoperator.py", line 701, in _do_render_template_fields
    rendered_content = self.render_template(
  File "/home/harika/.local/lib/python3.10/site-packages/airflow/template/templater.py", line 156, in render_template
    template = jinja_env.from_string(value)
  File "/home/harika/.local/lib/python3.10/site-packages/jinja2/environment.py", line 1105, in from_string
    return cls.from_code(self, self.compile(source), gs, None)
  File "/home/harika/.local/lib/python3.10/site-packages/jinja2/environment.py", line 768, in compile
    self.handle_exception(source=source_hint)
  File "/home/harika/.local/lib/python3.10/site-packages/jinja2/environment.py", line 936, in handle_exception
    raise rewrite_traceback_stack(source=source)
  File "<unknown>", line 1, in template
jinja2.exceptions.TemplateSyntaxError: expected token 'end of print statement', got 'ti'
[2023-10-30T17:34:43.048+0530] {taskinstance.py:1398} INFO - Marking task as UP_FOR_RETRY. dag_id=xcomEx1, task_id=task3, execution_date=20231030T120436, start_date=20231030T120442, end_date=20231030T120443
[2023-10-30T17:34:43.055+0530] {standard_task_runner.py:104} ERROR - Failed to execute job 1955 for task task3 (expected token 'end of print statement', got 'ti'; 498229)
[2023-10-30T17:34:43.091+0530] {local_task_job_runner.py:228} INFO - Task exited with return code 1
[2023-10-30T17:34:43.116+0530] {taskinstance.py:2776} INFO - 0 downstream tasks scheduled from follow-on schedule check
